<?xml version="1.0" encoding="UTF-8"?>
<testng-results skipped="0" failed="1" ignored="0" total="2" passed="1">
  <reporter-output>
  </reporter-output>
  <suite name="Suite" duration-ms="263064" started-at="2017-03-08T10:10:58Z" finished-at="2017-03-08T10:15:21Z">
    <groups>
    </groups>
    <test name="Device2" duration-ms="248029" started-at="2017-03-08T10:10:58Z" finished-at="2017-03-08T10:15:06Z">
      <class name="demo.appium.parallel.andriod.Appium_TestNG_Sample_One">
        <test-method status="PASS" signature="landing(java.lang.String, java.lang.String, java.lang.String, java.lang.String)[pri:0, instance:demo.appium.parallel.andriod.Appium_TestNG_Sample_One@6093dd95]" name="landing" duration-ms="248010" started-at="2017-03-08T18:10:58Z" finished-at="2017-03-08T18:15:06Z">
          <params>
            <param index="0">
              <value>
                <![CDATA[Tablet 4]]>
              </value>
            </param>
            <param index="1">
              <value>
                <![CDATA[192.168.1.166:5555]]>
              </value>
            </param>
            <param index="2">
              <value>
                <![CDATA[5.1.1]]>
              </value>
            </param>
            <param index="3">
              <value>
                <![CDATA[127.0.0.1:5130/wd/hub]]>
              </value>
            </param>
          </params>
          <reporter-output>
          </reporter-output>
        </test-method> <!-- landing -->
      </class> <!-- demo.appium.parallel.andriod.Appium_TestNG_Sample_One -->
    </test> <!-- Device2 -->
    <test name="Device1" duration-ms="263064" started-at="2017-03-08T10:10:58Z" finished-at="2017-03-08T10:15:21Z">
      <class name="demo.appium.parallel.andriod.Appium_TestNG_Sample_One">
        <test-method status="FAIL" signature="landing(java.lang.String, java.lang.String, java.lang.String, java.lang.String)[pri:0, instance:demo.appium.parallel.andriod.Appium_TestNG_Sample_One@14acaea5]" name="landing" duration-ms="252781" started-at="2017-03-08T18:10:58Z" finished-at="2017-03-08T18:15:11Z">
          <params>
            <param index="0">
              <value>
                <![CDATA[Galaxy Note 5]]>
              </value>
            </param>
            <param index="1">
              <value>
                <![CDATA[192.168.1.146:5555]]>
              </value>
            </param>
            <param index="2">
              <value>
                <![CDATA[4.4.2]]>
              </value>
            </param>
            <param index="3">
              <value>
                <![CDATA[127.0.0.1:5010/wd/hub]]>
              </value>
            </param>
          </params>
          <exception class="org.openqa.selenium.WebDriverException">
            <message>
              <![CDATA[An unknown server-side error occurred while processing the command. Original error: Could not proxy. Proxy error: Could not proxy command to remote server. Original error: Error: ESOCKETTIMEDOUT (WARNING: The server did not provide any stacktrace information)
Command duration or timeout: 240.05 seconds
Build info: version: '2.53.0', revision: '35ae25b1534ae328c771e0856c93e187490ca824', time: '2016-03-15 10:43:46'
System info: host: 'Philips-MacBook-Pro.local', ip: '192.168.1.126', os.name: 'Mac OS X', os.arch: 'x86_64', os.version: '10.12.3', java.version: '1.8.0_121'
Driver info: io.appium.java_client.android.AndroidDriver
Capabilities [{networkConnectionEnabled=true, warnings={}, databaseEnabled=false, version=4.4.2, deviceName=192.168.1.146:5555, platform=ANDROID, deviceUDID=192.168.1.146:5555, desired={newCommandTimeout=0, browserName=chrome, platformName=Android, udid=192.168.1.146:5555, version=4.4.2, deviceName=Galaxy Note 5, platform=ANDROID}, newCommandTimeout=0, platformVersion=5.1.1, webStorageEnabled=false, locationContextEnabled=false, takesScreenshot=true, browserName=chrome, javascriptEnabled=true, platformName=Android, udid=192.168.1.146:5555}]
Session ID: 710bbf9d-c03d-4711-82db-1463aafe2293]]>
            </message>
            <full-stacktrace>
              <![CDATA[org.openqa.selenium.WebDriverException: An unknown server-side error occurred while processing the command. Original error: Could not proxy. Proxy error: Could not proxy command to remote server. Original error: Error: ESOCKETTIMEDOUT (WARNING: The server did not provide any stacktrace information)
Command duration or timeout: 240.05 seconds
Build info: version: '2.53.0', revision: '35ae25b1534ae328c771e0856c93e187490ca824', time: '2016-03-15 10:43:46'
System info: host: 'Philips-MacBook-Pro.local', ip: '192.168.1.126', os.name: 'Mac OS X', os.arch: 'x86_64', os.version: '10.12.3', java.version: '1.8.0_121'
Driver info: io.appium.java_client.android.AndroidDriver
Capabilities [{networkConnectionEnabled=true, warnings={}, databaseEnabled=false, version=4.4.2, deviceName=192.168.1.146:5555, platform=ANDROID, deviceUDID=192.168.1.146:5555, desired={newCommandTimeout=0, browserName=chrome, platformName=Android, udid=192.168.1.146:5555, version=4.4.2, deviceName=Galaxy Note 5, platform=ANDROID}, newCommandTimeout=0, platformVersion=5.1.1, webStorageEnabled=false, locationContextEnabled=false, takesScreenshot=true, browserName=chrome, javascriptEnabled=true, platformName=Android, udid=192.168.1.146:5555}]
Session ID: 710bbf9d-c03d-4711-82db-1463aafe2293
	at sun.reflect.NativeConstructorAccessorImpl.newInstance0(Native Method)
	at sun.reflect.NativeConstructorAccessorImpl.newInstance(NativeConstructorAccessorImpl.java:62)
	at sun.reflect.DelegatingConstructorAccessorImpl.newInstance(DelegatingConstructorAccessorImpl.java:45)
	at java.lang.reflect.Constructor.newInstance(Constructor.java:423)
	at org.openqa.selenium.remote.ErrorHandler.createThrowable(ErrorHandler.java:206)
	at org.openqa.selenium.remote.ErrorHandler.throwIfResponseFailed(ErrorHandler.java:158)
	at org.openqa.selenium.remote.RemoteWebDriver.execute(RemoteWebDriver.java:678)
	at io.appium.java_client.DefaultGenericMobileDriver.execute(DefaultGenericMobileDriver.java:40)
	at io.appium.java_client.AppiumDriver.execute(AppiumDriver.java:1)
	at io.appium.java_client.android.AndroidDriver.execute(AndroidDriver.java:1)
	at org.openqa.selenium.remote.RemoteWebDriver.get(RemoteWebDriver.java:316)
	at demo.appium.parallel.andriod.Appium_TestNG_Sample_One.landing(Appium_TestNG_Sample_One.java:47)
	at sun.reflect.NativeMethodAccessorImpl.invoke0(Native Method)
	at sun.reflect.NativeMethodAccessorImpl.invoke(NativeMethodAccessorImpl.java:62)
	at sun.reflect.DelegatingMethodAccessorImpl.invoke(DelegatingMethodAccessorImpl.java:43)
	at java.lang.reflect.Method.invoke(Method.java:498)
	at org.testng.internal.MethodInvocationHelper.invokeMethod(MethodInvocationHelper.java:108)
	at org.testng.internal.Invoker.invokeMethod(Invoker.java:661)
	at org.testng.internal.Invoker.invokeTestMethod(Invoker.java:869)
	at org.testng.internal.Invoker.invokeTestMethods(Invoker.java:1193)
	at org.testng.internal.TestMethodWorker.invokeTestMethods(TestMethodWorker.java:126)
	at org.testng.internal.TestMethodWorker.run(TestMethodWorker.java:109)
	at org.testng.TestRunner.privateRun(TestRunner.java:744)
	at org.testng.TestRunner.run(TestRunner.java:602)
	at org.testng.SuiteRunner.runTest(SuiteRunner.java:380)
	at org.testng.SuiteRunner.access$000(SuiteRunner.java:39)
	at org.testng.SuiteRunner$SuiteWorker.run(SuiteRunner.java:414)
	at org.testng.internal.thread.ThreadUtil$1.call(ThreadUtil.java:52)
	at java.util.concurrent.FutureTask.run(FutureTask.java:266)
	at java.util.concurrent.ThreadPoolExecutor.runWorker(ThreadPoolExecutor.java:1142)
	at java.util.concurrent.ThreadPoolExecutor$Worker.run(ThreadPoolExecutor.java:617)
	at java.lang.Thread.run(Thread.java:745)
]]>
            </full-stacktrace>
          </exception> <!-- org.openqa.selenium.WebDriverException -->
          <reporter-output>
          </reporter-output>
        </test-method> <!-- landing -->
      </class> <!-- demo.appium.parallel.andriod.Appium_TestNG_Sample_One -->
    </test> <!-- Device1 -->
  </suite> <!-- Suite -->
</testng-results>
