<?xml version="1.0" encoding="UTF-8"?>
<!-- Generated by org.testng.reporters.JUnitXMLReporter -->
<testsuite hostname="Philips-MacBook-Pro.local" ignored="0" name="Device1" tests="1" failures="1" timestamp="08 Mar 2017 10:15:46 GMT" time="263.064" errors="0">
  <testcase name="landing" time="252.781" classname="demo.appium.parallel.andriod.Appium_TestNG_Sample_One">
    <failure type="org.openqa.selenium.WebDriverException" message="An unknown server-side error occurred while processing the command. Original error: Could not proxy. Proxy error: Could not proxy command to remote server. Original error: Error: ESOCKETTIMEDOUT (WARNING: The server did not provide any stacktrace information)
Command duration or timeout: 240.05 seconds
Build info: version: &amp;apos;2.53.0&amp;apos;, revision: &amp;apos;35ae25b1534ae328c771e0856c93e187490ca824&amp;apos;, time: &amp;apos;2016-03-15 10:43:46&amp;apos;
System info: host: &amp;apos;Philips-MacBook-Pro.local&amp;apos;, ip: &amp;apos;192.168.1.126&amp;apos;, os.name: &amp;apos;Mac OS X&amp;apos;, os.arch: &amp;apos;x86_64&amp;apos;, os.version: &amp;apos;10.12.3&amp;apos;, java.version: &amp;apos;1.8.0_121&amp;apos;
Driver info: io.appium.java_client.android.AndroidDriver
Capabilities [{networkConnectionEnabled=true, warnings={}, databaseEnabled=false, version=4.4.2, deviceName=192.168.1.146:5555, platform=ANDROID, deviceUDID=192.168.1.146:5555, desired={newCommandTimeout=0, browserName=chrome, platformName=Android, udid=192.168.1.146:5555, version=4.4.2, deviceName=Galaxy Note 5, platform=ANDROID}, newCommandTimeout=0, platformVersion=5.1.1, webStorageEnabled=false, locationContextEnabled=false, takesScreenshot=true, browserName=chrome, javascriptEnabled=true, platformName=Android, udid=192.168.1.146:5555}]
Session ID: 710bbf9d-c03d-4711-82db-1463aafe2293">
      <![CDATA[org.openqa.selenium.WebDriverException: An unknown server-side error occurred while processing the command. Original error: Could not proxy. Proxy error: Could not proxy command to remote server. Original error: Error: ESOCKETTIMEDOUT (WARNING: The server did not provide any stacktrace information)
Command duration or timeout: 240.05 seconds
Build info: version: '2.53.0', revision: '35ae25b1534ae328c771e0856c93e187490ca824', time: '2016-03-15 10:43:46'
System info: host: 'Philips-MacBook-Pro.local', ip: '192.168.1.126', os.name: 'Mac OS X', os.arch: 'x86_64', os.version: '10.12.3', java.version: '1.8.0_121'
Driver info: io.appium.java_client.android.AndroidDriver
Capabilities [{networkConnectionEnabled=true, warnings={}, databaseEnabled=false, version=4.4.2, deviceName=192.168.1.146:5555, platform=ANDROID, deviceUDID=192.168.1.146:5555, desired={newCommandTimeout=0, browserName=chrome, platformName=Android, udid=192.168.1.146:5555, version=4.4.2, deviceName=Galaxy Note 5, platform=ANDROID}, newCommandTimeout=0, platformVersion=5.1.1, webStorageEnabled=false, locationContextEnabled=false, takesScreenshot=true, browserName=chrome, javascriptEnabled=true, platformName=Android, udid=192.168.1.146:5555}]
Session ID: 710bbf9d-c03d-4711-82db-1463aafe2293
	at org.openqa.selenium.remote.ErrorHandler.createThrowable(ErrorHandler.java:206)
	at org.openqa.selenium.remote.ErrorHandler.throwIfResponseFailed(ErrorHandler.java:158)
	at org.openqa.selenium.remote.RemoteWebDriver.execute(RemoteWebDriver.java:678)
	at io.appium.java_client.DefaultGenericMobileDriver.execute(DefaultGenericMobileDriver.java:40)
	at io.appium.java_client.AppiumDriver.execute(AppiumDriver.java:1)
	at io.appium.java_client.android.AndroidDriver.execute(AndroidDriver.java:1)
	at org.openqa.selenium.remote.RemoteWebDriver.get(RemoteWebDriver.java:316)
	at demo.appium.parallel.andriod.Appium_TestNG_Sample_One.landing(Appium_TestNG_Sample_One.java:47)
	at java.util.concurrent.FutureTask.run(FutureTask.java:266)
	at java.util.concurrent.ThreadPoolExecutor.runWorker(ThreadPoolExecutor.java:1142)
	at java.util.concurrent.ThreadPoolExecutor$Worker.run(ThreadPoolExecutor.java:617)
	at java.lang.Thread.run(Thread.java:745)
... Removed 20 stack frames]]>
    </failure>
  </testcase> <!-- landing -->
</testsuite> <!-- Device1 -->
